# JRE version: Java(TM) SE Runtime Environment (8.0_202-b08) (build 1.8.0_202-b08)
# Java VM: Java HotSpot(TM) 64-Bit Server VM (25.202-b08 mixed mode windows-amd64 compressed oops)
Heap:
 PSYoungGen      total 78336K, used 15420K [0x000000076b580000, 0x0000000773180000, 0x00000007c0000000)
  eden space 63488K, 0% used [0x000000076b580000,0x000000076b6122f0,0x000000076f380000)
  from space 14848K, 99% used [0x0000000770200000,0x000000077107cdb8,0x0000000771080000)
  to   space 14848K, 0% used [0x000000076f380000,0x000000076f380000,0x0000000770200000)
 ParOldGen       total 113152K, used 18943K [0x00000006c2000000, 0x00000006c8e80000, 0x000000076b580000)
  object space 113152K, 16% used [0x00000006c2000000,0x00000006c327ff08,0x00000006c8e80000)
 Metaspace       used 24478K, capacity 25102K, committed 25216K, reserved 1071104K
  class space    used 2753K, capacity 2927K, committed 2944K, reserved 1048576K
GC Heap History (10 events):
Event: 12.349 GC heap before
{Heap before GC invocations=4 (full 0):
 PSYoungGen      total 75776K, used 74852K [0x000000076b580000, 0x0000000770a00000, 0x00000007c0000000)
  eden space 65024K, 100% used [0x000000076b580000,0x000000076f500000,0x000000076f500000)
  from space 10752K, 91% used [0x000000076f500000,0x000000076fe990a0,0x000000076ff80000)
  to   space 10752K, 0% used [0x000000076ff80000,0x000000076ff80000,0x0000000770a00000)
 ParOldGen       total 173568K, used 32K [0x00000006c2000000, 0x00000006cc980000, 0x000000076b580000)
  object space 173568K, 0% used [0x00000006c2000000,0x00000006c2008000,0x00000006cc980000)
 Metaspace       used 18127K, capacity 18638K, committed 18816K, reserved 1067008K
  class space    used 2041K, capacity 2162K, committed 2176K, reserved 1048576K
Event: 12.390 GC heap after
Heap after GC invocations=4 (full 0):
 PSYoungGen      total 75776K, used 10744K [0x000000076b580000, 0x0000000770a00000, 0x00000007c0000000)
  eden space 65024K, 0% used [0x000000076b580000,0x000000076b580000,0x000000076f500000)
  from space 10752K, 99% used [0x000000076ff80000,0x00000007709fe030,0x0000000770a00000)
  to   space 10752K, 0% used [0x000000076f500000,0x000000076f500000,0x000000076ff80000)
 ParOldGen       total 173568K, used 1083K [0x00000006c2000000, 0x00000006cc980000, 0x000000076b580000)
  object space 173568K, 0% used [0x00000006c2000000,0x00000006c210ee68,0x00000006cc980000)
 Metaspace       used 18127K, capacity 18638K, committed 18816K, reserved 1067008K
  class space    used 2041K, capacity 2162K, committed 2176K, reserved 1048576K
}
Event: 13.648 GC heap before
{Heap before GC invocations=5 (full 0):
 PSYoungGen      total 75776K, used 45640K [0x000000076b580000, 0x0000000770a00000, 0x00000007c0000000)
  eden space 65024K, 53% used [0x000000076b580000,0x000000076d794170,0x000000076f500000)
  from space 10752K, 99% used [0x000000076ff80000,0x00000007709fe030,0x0000000770a00000)
  to   space 10752K, 0% used [0x000000076f500000,0x000000076f500000,0x000000076ff80000)
 ParOldGen       total 173568K, used 1083K [0x00000006c2000000, 0x00000006cc980000, 0x000000076b580000)
  object space 173568K, 0% used [0x00000006c2000000,0x00000006c210ee68,0x00000006cc980000)
 Metaspace       used 20401K, capacity 20986K, committed 21248K, reserved 1069056K
  class space    used 2292K, capacity 2436K, committed 2560K, reserved 1048576K
Event: 13.661 GC heap after
Heap after GC invocations=5 (full 0):
 PSYoungGen      total 74240K, used 10744K [0x000000076b580000, 0x0000000771080000, 0x00000007c0000000)
  eden space 63488K, 0% used [0x000000076b580000,0x000000076b580000,0x000000076f380000)
  from space 10752K, 99% used [0x000000076f500000,0x000000076ff7e070,0x000000076ff80000)
  to   space 14848K, 0% used [0x0000000770200000,0x0000000770200000,0x0000000771080000)
 ParOldGen       total 173568K, used 4091K [0x00000006c2000000, 0x00000006cc980000, 0x000000076b580000)
  object space 173568K, 2% used [0x00000006c2000000,0x00000006c23fed50,0x00000006cc980000)
 Metaspace       used 20401K, capacity 20986K, committed 21248K, reserved 1069056K
  class space    used 2292K, capacity 2436K, committed 2560K, reserved 1048576K
}
Event: 13.661 GC heap before
{Heap before GC invocations=6 (full 1):
 PSYoungGen      total 74240K, used 10744K [0x000000076b580000, 0x0000000771080000, 0x00000007c0000000)
  eden space 63488K, 0% used [0x000000076b580000,0x000000076b580000,0x000000076f380000)
  from space 10752K, 99% used [0x000000076f500000,0x000000076ff7e070,0x000000076ff80000)
  to   space 14848K, 0% used [0x0000000770200000,0x0000000770200000,0x0000000771080000)
 ParOldGen       total 173568K, used 4091K [0x00000006c2000000, 0x00000006cc980000, 0x000000076b580000)
  object space 173568K, 2% used [0x00000006c2000000,0x00000006c23fed50,0x00000006cc980000)
 Metaspace       used 20401K, capacity 20986K, committed 21248K, reserved 1069056K
  class space    used 2292K, capacity 2436K, committed 2560K, reserved 1048576K
Event: 13.747 GC heap after
Heap after GC invocations=6 (full 1):
 PSYoungGen      total 74240K, used 0K [0x000000076b580000, 0x0000000771080000, 0x00000007c0000000)
  eden space 63488K, 0% used [0x000000076b580000,0x000000076b580000,0x000000076f380000)
  from space 10752K, 0% used [0x000000076f500000,0x000000076f500000,0x000000076ff80000)
  to   space 14848K, 0% used [0x0000000770200000,0x0000000770200000,0x0000000771080000)
 ParOldGen       total 113152K, used 14247K [0x00000006c2000000, 0x00000006c8e80000, 0x000000076b580000)
  object space 113152K, 12% used [0x00000006c2000000,0x00000006c2de9d00,0x00000006c8e80000)
 Metaspace       used 20401K, capacity 20986K, committed 21248K, reserved 1069056K
  class space    used 2292K, capacity 2436K, committed 2560K, reserved 1048576K
}
Event: 15.713 GC heap before
{Heap before GC invocations=7 (full 1):
 PSYoungGen      total 74240K, used 63488K [0x000000076b580000, 0x0000000771080000, 0x00000007c0000000)
  eden space 63488K, 100% used [0x000000076b580000,0x000000076f380000,0x000000076f380000)
  from space 10752K, 0% used [0x000000076f500000,0x000000076f500000,0x000000076ff80000)
  to   space 14848K, 0% used [0x0000000770200000,0x0000000770200000,0x0000000771080000)
 ParOldGen       total 113152K, used 14259K [0x00000006c2000000, 0x00000006c8e80000, 0x000000076b580000)
  object space 113152K, 12% used [0x00000006c2000000,0x00000006c2decf10,0x00000006c8e80000)
 Metaspace       used 24469K, capacity 25102K, committed 25216K, reserved 1071104K
  class space    used 2753K, capacity 2927K, committed 2944K, reserved 1048576K
Event: 15.729 GC heap after
Heap after GC invocations=7 (full 1):
 PSYoungGen      total 78336K, used 8533K [0x000000076b580000, 0x0000000773180000, 0x00000007c0000000)
  eden space 63488K, 0% used [0x000000076b580000,0x000000076b580000,0x000000076f380000)
  from space 14848K, 57% used [0x0000000770200000,0x0000000770a55720,0x0000000771080000)
  to   space 14848K, 0% used [0x000000076f380000,0x000000076f380000,0x0000000770200000)
 ParOldGen       total 113152K, used 14331K [0x00000006c2000000, 0x00000006c8e80000, 0x000000076b580000)
  object space 113152K, 12% used [0x00000006c2000000,0x00000006c2dfef20,0x00000006c8e80000)
 Metaspace       used 24469K, capacity 25102K, committed 25216K, reserved 1071104K
  class space    used 2753K, capacity 2927K, committed 2944K, reserved 1048576K
}
Event: 16.021 GC heap before
{Heap before GC invocations=8 (full 1):
 PSYoungGen      total 78336K, used 72021K [0x000000076b580000, 0x0000000773180000, 0x00000007c0000000)
  eden space 63488K, 100% used [0x000000076b580000,0x000000076f380000,0x000000076f380000)
  from space 14848K, 57% used [0x0000000770200000,0x0000000770a55720,0x0000000771080000)
  to   space 14848K, 0% used [0x000000076f380000,0x000000076f380000,0x0000000770200000)
 ParOldGen       total 113152K, used 14359K [0x00000006c2000000, 0x00000006c8e80000, 0x000000076b580000)
  object space 113152K, 12% used [0x00000006c2000000,0x00000006c2e05c88,0x00000006c8e80000)
 Metaspace       used 24474K, capacity 25102K, committed 25216K, reserved 1071104K
  class space    used 2753K, capacity 2927K, committed 2944K, reserved 1048576K
Event: 16.033 GC heap after
Heap after GC invocations=8 (full 1):
 PSYoungGen      total 78336K, used 14824K [0x000000076b580000, 0x0000000773180000, 0x00000007c0000000)
  eden space 63488K, 0% used [0x000000076b580000,0x000000076b580000,0x000000076f380000)
  from space 14848K, 99% used [0x000000076f380000,0x00000007701fa0f8,0x0000000770200000)
  to   space 14848K, 0% used [0x0000000770200000,0x0000000770200000,0x0000000771080000)
 ParOldGen       total 113152K, used 14940K [0x00000006c2000000, 0x00000006c8e80000, 0x000000076b580000)
  object space 113152K, 13% used [0x00000006c2000000,0x00000006c2e97148,0x00000006c8e80000)
 Metaspace       used 24474K, capacity 25102K, committed 25216K, reserved 1071104K
  class space    used 2753K, capacity 2927K, committed 2944K, reserved 1048576K
}

