# JRE version: Java(TM) SE Runtime Environment (8.0_202-b08) (build 1.8.0_202-b08)
# Java VM: Java HotSpot(TM) 64-Bit Server VM (25.202-b08 mixed mode windows-amd64 compressed oops)
Heap:
 PSYoungGen      total 208896K, used 166349K [0x000000076b580000, 0x000000077ac80000, 0x00000007c0000000)
  eden space 168960K, 98% used [0x000000076b580000,0x00000007757f3660,0x0000000775a80000)
  from space 39936K, 0% used [0x0000000778580000,0x0000000778580000,0x000000077ac80000)
  to   space 41984K, 0% used [0x0000000775a80000,0x0000000775a80000,0x0000000778380000)
 ParOldGen       total 193536K, used 48867K [0x00000006c2000000, 0x00000006cdd00000, 0x000000076b580000)
  object space 193536K, 25% used [0x00000006c2000000,0x00000006c4fb8f38,0x00000006cdd00000)
 Metaspace       used 44036K, capacity 45342K, committed 45400K, reserved 1089536K
  class space    used 5171K, capacity 5456K, committed 5504K, reserved 1048576K
GC Heap History (10 events):
Event: 16.724 GC heap before
{Heap before GC invocations=12 (full 1):
 PSYoungGen      total 130048K, used 130028K [0x000000076b580000, 0x0000000775100000, 0x00000007c0000000)
  eden space 112640K, 100% used [0x000000076b580000,0x0000000772380000,0x0000000772380000)
  from space 17408K, 99% used [0x0000000773700000,0x00000007747fb0e8,0x0000000774800000)
  to   space 19968K, 0% used [0x0000000772380000,0x0000000772380000,0x0000000773700000)
 ParOldGen       total 124928K, used 46193K [0x00000006c2000000, 0x00000006c9a00000, 0x000000076b580000)
  object space 124928K, 36% used [0x00000006c2000000,0x00000006c4d1c460,0x00000006c9a00000)
 Metaspace       used 24576K, capacity 25274K, committed 25472K, reserved 1071104K
  class space    used 2759K, capacity 2935K, committed 2944K, reserved 1048576K
Event: 16.749 GC heap after
Heap after GC invocations=12 (full 1):
 PSYoungGen      total 132608K, used 19965K [0x000000076b580000, 0x0000000775100000, 0x00000007c0000000)
  eden space 112640K, 0% used [0x000000076b580000,0x000000076b580000,0x0000000772380000)
  from space 19968K, 99% used [0x0000000772380000,0x00000007736ff710,0x0000000773700000)
  to   space 17408K, 0% used [0x0000000773700000,0x0000000773700000,0x0000000774800000)
 ParOldGen       total 124928K, used 62648K [0x00000006c2000000, 0x00000006c9a00000, 0x000000076b580000)
  object space 124928K, 50% used [0x00000006c2000000,0x00000006c5d2e200,0x00000006c9a00000)
 Metaspace       used 24576K, capacity 25274K, committed 25472K, reserved 1071104K
  class space    used 2759K, capacity 2935K, committed 2944K, reserved 1048576K
}
Event: 17.054 GC heap before
{Heap before GC invocations=13 (full 1):
 PSYoungGen      total 132608K, used 132605K [0x000000076b580000, 0x0000000775100000, 0x00000007c0000000)
  eden space 112640K, 100% used [0x000000076b580000,0x0000000772380000,0x0000000772380000)
  from space 19968K, 99% used [0x0000000772380000,0x00000007736ff710,0x0000000773700000)
  to   space 17408K, 0% used [0x0000000773700000,0x0000000773700000,0x0000000774800000)
 ParOldGen       total 124928K, used 62745K [0x00000006c2000000, 0x00000006c9a00000, 0x000000076b580000)
  object space 124928K, 50% used [0x00000006c2000000,0x00000006c5d465d0,0x00000006c9a00000)
 Metaspace       used 24577K, capacity 25274K, committed 25472K, reserved 1071104K
  class space    used 2759K, capacity 2935K, committed 2944K, reserved 1048576K
Event: 17.072 GC heap after
Heap after GC invocations=13 (full 1):
 PSYoungGen      total 130048K, used 17391K [0x000000076b580000, 0x0000000775100000, 0x00000007c0000000)
  eden space 112640K, 0% used [0x000000076b580000,0x000000076b580000,0x0000000772380000)
  from space 17408K, 99% used [0x0000000773700000,0x00000007747fbfe0,0x0000000774800000)
  to   space 19968K, 0% used [0x0000000772380000,0x0000000772380000,0x0000000773700000)
 ParOldGen       total 124928K, used 79160K [0x00000006c2000000, 0x00000006c9a00000, 0x000000076b580000)
  object space 124928K, 63% used [0x00000006c2000000,0x00000006c6d4e0c0,0x00000006c9a00000)
 Metaspace       used 24577K, capacity 25274K, committed 25472K, reserved 1071104K
  class space    used 2759K, capacity 2935K, committed 2944K, reserved 1048576K
}
Event: 20.995 GC heap before
{Heap before GC invocations=14 (full 1):
 PSYoungGen      total 130048K, used 130031K [0x000000076b580000, 0x0000000775100000, 0x00000007c0000000)
  eden space 112640K, 100% used [0x000000076b580000,0x0000000772380000,0x0000000772380000)
  from space 17408K, 99% used [0x0000000773700000,0x00000007747fbfe0,0x0000000774800000)
  to   space 19968K, 0% used [0x0000000772380000,0x0000000772380000,0x0000000773700000)
 ParOldGen       total 124928K, used 79160K [0x00000006c2000000, 0x00000006c9a00000, 0x000000076b580000)
  object space 124928K, 63% used [0x00000006c2000000,0x00000006c6d4e0c0,0x00000006c9a00000)
 Metaspace       used 27445K, capacity 28336K, committed 28544K, reserved 1075200K
  class space    used 3180K, capacity 3409K, committed 3456K, reserved 1048576K
Event: 21.009 GC heap after
Heap after GC invocations=14 (full 1):
 PSYoungGen      total 132608K, used 9925K [0x000000076b580000, 0x000000077ae80000, 0x00000007c0000000)
  eden space 112640K, 0% used [0x000000076b580000,0x000000076b580000,0x0000000772380000)
  from space 19968K, 49% used [0x0000000772380000,0x0000000772d31730,0x0000000773700000)
  to   space 41984K, 0% used [0x0000000778580000,0x0000000778580000,0x000000077ae80000)
 ParOldGen       total 124928K, used 89336K [0x00000006c2000000, 0x00000006c9a00000, 0x000000076b580000)
  object space 124928K, 71% used [0x00000006c2000000,0x00000006c773e038,0x00000006c9a00000)
 Metaspace       used 27445K, capacity 28336K, committed 28544K, reserved 1075200K
  class space    used 3180K, capacity 3409K, committed 3456K, reserved 1048576K
}
Event: 22.259 GC heap before
{Heap before GC invocations=15 (full 1):
 PSYoungGen      total 132608K, used 78579K [0x000000076b580000, 0x000000077ae80000, 0x00000007c0000000)
  eden space 112640K, 60% used [0x000000076b580000,0x000000076f88b5a8,0x0000000772380000)
  from space 19968K, 49% used [0x0000000772380000,0x0000000772d31730,0x0000000773700000)
  to   space 41984K, 0% used [0x0000000778580000,0x0000000778580000,0x000000077ae80000)
 ParOldGen       total 124928K, used 89336K [0x00000006c2000000, 0x00000006c9a00000, 0x000000076b580000)
  object space 124928K, 71% used [0x00000006c2000000,0x00000006c773e038,0x00000006c9a00000)
 Metaspace       used 34460K, capacity 35360K, committed 35416K, reserved 1081344K
  class space    used 3999K, capacity 4205K, committed 4224K, reserved 1048576K
Event: 22.267 GC heap after
Heap after GC invocations=15 (full 1):
 PSYoungGen      total 208896K, used 6242K [0x000000076b580000, 0x000000077ac80000, 0x00000007c0000000)
  eden space 168960K, 0% used [0x000000076b580000,0x000000076b580000,0x0000000775a80000)
  from space 39936K, 15% used [0x0000000778580000,0x0000000778b98b78,0x000000077ac80000)
  to   space 41984K, 0% used [0x0000000775a80000,0x0000000775a80000,0x0000000778380000)
 ParOldGen       total 124928K, used 91021K [0x00000006c2000000, 0x00000006c9a00000, 0x000000076b580000)
  object space 124928K, 72% used [0x00000006c2000000,0x00000006c78e3798,0x00000006c9a00000)
 Metaspace       used 34460K, capacity 35360K, committed 35416K, reserved 1081344K
  class space    used 3999K, capacity 4205K, committed 4224K, reserved 1048576K
}
Event: 22.267 GC heap before
{Heap before GC invocations=16 (full 2):
 PSYoungGen      total 208896K, used 6242K [0x000000076b580000, 0x000000077ac80000, 0x00000007c0000000)
  eden space 168960K, 0% used [0x000000076b580000,0x000000076b580000,0x0000000775a80000)
  from space 39936K, 15% used [0x0000000778580000,0x0000000778b98b78,0x000000077ac80000)
  to   space 41984K, 0% used [0x0000000775a80000,0x0000000775a80000,0x0000000778380000)
 ParOldGen       total 124928K, used 91021K [0x00000006c2000000, 0x00000006c9a00000, 0x000000076b580000)
  object space 124928K, 72% used [0x00000006c2000000,0x00000006c78e3798,0x00000006c9a00000)
 Metaspace       used 34460K, capacity 35360K, committed 35416K, reserved 1081344K
  class space    used 3999K, capacity 4205K, committed 4224K, reserved 1048576K
Event: 22.347 GC heap after
Heap after GC invocations=16 (full 2):
 PSYoungGen      total 208896K, used 0K [0x000000076b580000, 0x000000077ac80000, 0x00000007c0000000)
  eden space 168960K, 0% used [0x000000076b580000,0x000000076b580000,0x0000000775a80000)
  from space 39936K, 0% used [0x0000000778580000,0x0000000778580000,0x000000077ac80000)
  to   space 41984K, 0% used [0x0000000775a80000,0x0000000775a80000,0x0000000778380000)
 ParOldGen       total 193536K, used 48867K [0x00000006c2000000, 0x00000006cdd00000, 0x000000076b580000)
  object space 193536K, 25% used [0x00000006c2000000,0x00000006c4fb8f38,0x00000006cdd00000)
 Metaspace       used 34446K, capacity 35316K, committed 35416K, reserved 1081344K
  class space    used 3994K, capacity 4197K, committed 4224K, reserved 1048576K
}

