# JRE version: Java(TM) SE Runtime Environment (8.0_202-b08) (build 1.8.0_202-b08)
# Java VM: Java HotSpot(TM) 64-Bit Server VM (25.202-b08 mixed mode windows-amd64 compressed oops)
Heap:
 PSYoungGen      total 140288K, used 124659K [0x000000076b580000, 0x0000000774980000, 0x00000007c0000000)
  eden space 129536K, 87% used [0x000000076b580000,0x00000007724bf0a8,0x0000000773400000)
  from space 10752K, 99% used [0x0000000773400000,0x0000000773e7dd48,0x0000000773e80000)
  to   space 10752K, 0% used [0x0000000773f00000,0x0000000773f00000,0x0000000774980000)
 ParOldGen       total 128000K, used 24688K [0x00000006c2000000, 0x00000006c9d00000, 0x000000076b580000)
  object space 128000K, 19% used [0x00000006c2000000,0x00000006c381c038,0x00000006c9d00000)
 Metaspace       used 24500K, capacity 25134K, committed 25216K, reserved 1071104K
  class space    used 2757K, capacity 2933K, committed 2944K, reserved 1048576K
GC Heap History (10 events):
Event: 11.030 GC heap before
{Heap before GC invocations=2 (full 0):
 PSYoungGen      total 75776K, used 73428K [0x000000076b580000, 0x0000000774980000, 0x00000007c0000000)
  eden space 65024K, 100% used [0x000000076b580000,0x000000076f500000,0x000000076f500000)
  from space 10752K, 78% used [0x000000076f500000,0x000000076fd35060,0x000000076ff80000)
  to   space 10752K, 0% used [0x0000000773f00000,0x0000000773f00000,0x0000000774980000)
 ParOldGen       total 173568K, used 0K [0x00000006c2000000, 0x00000006cc980000, 0x000000076b580000)
  object space 173568K, 0% used [0x00000006c2000000,0x00000006c2000000,0x00000006cc980000)
 Metaspace       used 16218K, capacity 16438K, committed 16640K, reserved 1064960K
  class space    used 1918K, capacity 2010K, committed 2048K, reserved 1048576K
Event: 11.065 GC heap after
Heap after GC invocations=2 (full 0):
 PSYoungGen      total 75264K, used 10168K [0x000000076b580000, 0x0000000774900000, 0x00000007c0000000)
  eden space 65024K, 0% used [0x000000076b580000,0x000000076b580000,0x000000076f500000)
  from space 10240K, 99% used [0x0000000773f00000,0x00000007748ee378,0x0000000774900000)
  to   space 10752K, 0% used [0x0000000773400000,0x0000000773400000,0x0000000773e80000)
 ParOldGen       total 173568K, used 16K [0x00000006c2000000, 0x00000006cc980000, 0x000000076b580000)
  object space 173568K, 0% used [0x00000006c2000000,0x00000006c2004000,0x00000006cc980000)
 Metaspace       used 16218K, capacity 16438K, committed 16640K, reserved 1064960K
  class space    used 1918K, capacity 2010K, committed 2048K, reserved 1048576K
}
Event: 17.300 GC heap before
{Heap before GC invocations=3 (full 0):
 PSYoungGen      total 75264K, used 75192K [0x000000076b580000, 0x0000000774900000, 0x00000007c0000000)
  eden space 65024K, 100% used [0x000000076b580000,0x000000076f500000,0x000000076f500000)
  from space 10240K, 99% used [0x0000000773f00000,0x00000007748ee378,0x0000000774900000)
  to   space 10752K, 0% used [0x0000000773400000,0x0000000773400000,0x0000000773e80000)
 ParOldGen       total 173568K, used 16K [0x00000006c2000000, 0x00000006cc980000, 0x000000076b580000)
  object space 173568K, 0% used [0x00000006c2000000,0x00000006c2004000,0x00000006cc980000)
 Metaspace       used 17526K, capacity 17918K, committed 18304K, reserved 1064960K
  class space    used 2008K, capacity 2116K, committed 2176K, reserved 1048576K
Event: 17.375 GC heap after
Heap after GC invocations=3 (full 0):
 PSYoungGen      total 140288K, used 9792K [0x000000076b580000, 0x0000000774980000, 0x00000007c0000000)
  eden space 129536K, 0% used [0x000000076b580000,0x000000076b580000,0x0000000773400000)
  from space 10752K, 91% used [0x0000000773400000,0x0000000773d900b0,0x0000000773e80000)
  to   space 10752K, 0% used [0x0000000773f00000,0x0000000773f00000,0x0000000774980000)
 ParOldGen       total 173568K, used 24K [0x00000006c2000000, 0x00000006cc980000, 0x000000076b580000)
  object space 173568K, 0% used [0x00000006c2000000,0x00000006c2006000,0x00000006cc980000)
 Metaspace       used 17526K, capacity 17918K, committed 18304K, reserved 1064960K
  class space    used 2008K, capacity 2116K, committed 2176K, reserved 1048576K
}
Event: 23.427 GC heap before
{Heap before GC invocations=4 (full 0):
 PSYoungGen      total 140288K, used 109887K [0x000000076b580000, 0x0000000774980000, 0x00000007c0000000)
  eden space 129536K, 77% used [0x000000076b580000,0x000000077173fe68,0x0000000773400000)
  from space 10752K, 91% used [0x0000000773400000,0x0000000773d900b0,0x0000000773e80000)
  to   space 10752K, 0% used [0x0000000773f00000,0x0000000773f00000,0x0000000774980000)
 ParOldGen       total 173568K, used 24K [0x00000006c2000000, 0x00000006cc980000, 0x000000076b580000)
  object space 173568K, 0% used [0x00000006c2000000,0x00000006c2006000,0x00000006cc980000)
 Metaspace       used 20408K, capacity 20990K, committed 21248K, reserved 1069056K
  class space    used 2289K, capacity 2436K, committed 2560K, reserved 1048576K
Event: 23.453 GC heap after
Heap after GC invocations=4 (full 0):
 PSYoungGen      total 140288K, used 10728K [0x000000076b580000, 0x0000000774980000, 0x00000007c0000000)
  eden space 129536K, 0% used [0x000000076b580000,0x000000076b580000,0x0000000773400000)
  from space 10752K, 99% used [0x0000000773f00000,0x000000077497a060,0x0000000774980000)
  to   space 10752K, 0% used [0x0000000773400000,0x0000000773400000,0x0000000773e80000)
 ParOldGen       total 173568K, used 4107K [0x00000006c2000000, 0x00000006cc980000, 0x000000076b580000)
  object space 173568K, 2% used [0x00000006c2000000,0x00000006c2402ca8,0x00000006cc980000)
 Metaspace       used 20408K, capacity 20990K, committed 21248K, reserved 1069056K
  class space    used 2289K, capacity 2436K, committed 2560K, reserved 1048576K
}
Event: 23.453 GC heap before
{Heap before GC invocations=5 (full 1):
 PSYoungGen      total 140288K, used 10728K [0x000000076b580000, 0x0000000774980000, 0x00000007c0000000)
  eden space 129536K, 0% used [0x000000076b580000,0x000000076b580000,0x0000000773400000)
  from space 10752K, 99% used [0x0000000773f00000,0x000000077497a060,0x0000000774980000)
  to   space 10752K, 0% used [0x0000000773400000,0x0000000773400000,0x0000000773e80000)
 ParOldGen       total 173568K, used 4107K [0x00000006c2000000, 0x00000006cc980000, 0x000000076b580000)
  object space 173568K, 2% used [0x00000006c2000000,0x00000006c2402ca8,0x00000006cc980000)
 Metaspace       used 20408K, capacity 20990K, committed 21248K, reserved 1069056K
  class space    used 2289K, capacity 2436K, committed 2560K, reserved 1048576K
Event: 23.889 GC heap after
Heap after GC invocations=5 (full 1):
 PSYoungGen      total 140288K, used 0K [0x000000076b580000, 0x0000000774980000, 0x00000007c0000000)
  eden space 129536K, 0% used [0x000000076b580000,0x000000076b580000,0x0000000773400000)
  from space 10752K, 0% used [0x0000000773f00000,0x0000000773f00000,0x0000000774980000)
  to   space 10752K, 0% used [0x0000000773400000,0x0000000773400000,0x0000000773e80000)
 ParOldGen       total 128000K, used 14680K [0x00000006c2000000, 0x00000006c9d00000, 0x000000076b580000)
  object space 128000K, 11% used [0x00000006c2000000,0x00000006c2e56298,0x00000006c9d00000)
 Metaspace       used 20408K, capacity 20990K, committed 21248K, reserved 1069056K
  class space    used 2289K, capacity 2436K, committed 2560K, reserved 1048576K
}
Event: 25.777 GC heap before
{Heap before GC invocations=6 (full 1):
 PSYoungGen      total 140288K, used 129536K [0x000000076b580000, 0x0000000774980000, 0x00000007c0000000)
  eden space 129536K, 100% used [0x000000076b580000,0x0000000773400000,0x0000000773400000)
  from space 10752K, 0% used [0x0000000773f00000,0x0000000773f00000,0x0000000774980000)
  to   space 10752K, 0% used [0x0000000773400000,0x0000000773400000,0x0000000773e80000)
 ParOldGen       total 128000K, used 14680K [0x00000006c2000000, 0x00000006c9d00000, 0x000000076b580000)
  object space 128000K, 11% used [0x00000006c2000000,0x00000006c2e56298,0x00000006c9d00000)
 Metaspace       used 24496K, capacity 25134K, committed 25216K, reserved 1071104K
  class space    used 2756K, capacity 2933K, committed 2944K, reserved 1048576K
Event: 25.828 GC heap after
Heap after GC invocations=6 (full 1):
 PSYoungGen      total 140288K, used 10743K [0x000000076b580000, 0x0000000774980000, 0x00000007c0000000)
  eden space 129536K, 0% used [0x000000076b580000,0x000000076b580000,0x0000000773400000)
  from space 10752K, 99% used [0x0000000773400000,0x0000000773e7dd48,0x0000000773e80000)
  to   space 10752K, 0% used [0x0000000773f00000,0x0000000773f00000,0x0000000774980000)
 ParOldGen       total 128000K, used 24688K [0x00000006c2000000, 0x00000006c9d00000, 0x000000076b580000)
  object space 128000K, 19% used [0x00000006c2000000,0x00000006c381c038,0x00000006c9d00000)
 Metaspace       used 24496K, capacity 25134K, committed 25216K, reserved 1071104K
  class space    used 2756K, capacity 2933K, committed 2944K, reserved 1048576K
}

