# JRE version: Java(TM) SE Runtime Environment (8.0_202-b08) (build 1.8.0_202-b08)
# Java VM: Java HotSpot(TM) 64-Bit Server VM (25.202-b08 mixed mode windows-amd64 compressed oops)
Heap:
 PSYoungGen      total 139264K, used 55996K [0x000000076b580000, 0x000000077b880000, 0x00000007c0000000)
  eden space 124928K, 34% used [0x000000076b580000,0x000000076df282e0,0x0000000772f80000)
  from space 14336K, 93% used [0x0000000772f80000,0x0000000773c86f10,0x0000000773d80000)
  to   space 36352K, 0% used [0x0000000779500000,0x0000000779500000,0x000000077b880000)
 ParOldGen       total 112640K, used 75689K [0x00000006c2000000, 0x00000006c8e00000, 0x000000076b580000)
  object space 112640K, 67% used [0x00000006c2000000,0x00000006c69ea5f8,0x00000006c8e00000)
 Metaspace       used 30864K, capacity 31638K, committed 32000K, reserved 1077248K
  class space    used 3584K, capacity 3802K, committed 3840K, reserved 1048576K
GC Heap History (10 events):
Event: 5.378 GC heap before
{Heap before GC invocations=8 (full 1):
 PSYoungGen      total 109056K, used 108559K [0x000000076b580000, 0x0000000774b80000, 0x00000007c0000000)
  eden space 99840K, 100% used [0x000000076b580000,0x0000000771700000,0x0000000771700000)
  from space 9216K, 94% used [0x0000000774280000,0x0000000774b03c10,0x0000000774b80000)
  to   space 14336K, 0% used [0x0000000772f80000,0x0000000772f80000,0x0000000773d80000)
 ParOldGen       total 112640K, used 14327K [0x00000006c2000000, 0x00000006c8e00000, 0x000000076b580000)
  object space 112640K, 12% used [0x00000006c2000000,0x00000006c2dfdcf8,0x00000006c8e00000)
 Metaspace       used 24479K, capacity 25164K, committed 25472K, reserved 1071104K
  class space    used 2760K, capacity 2938K, committed 2944K, reserved 1048576K
Event: 5.396 GC heap after
Heap after GC invocations=8 (full 1):
 PSYoungGen      total 139264K, used 14312K [0x000000076b580000, 0x0000000778a80000, 0x00000007c0000000)
  eden space 124928K, 0% used [0x000000076b580000,0x000000076b580000,0x0000000772f80000)
  from space 14336K, 99% used [0x0000000772f80000,0x0000000773d7a3c0,0x0000000773d80000)
  to   space 19968K, 0% used [0x0000000777700000,0x0000000777700000,0x0000000778a80000)
 ParOldGen       total 112640K, used 22183K [0x00000006c2000000, 0x00000006c8e00000, 0x000000076b580000)
  object space 112640K, 19% used [0x00000006c2000000,0x00000006c35a9fd0,0x00000006c8e00000)
 Metaspace       used 24479K, capacity 25164K, committed 25472K, reserved 1071104K
  class space    used 2760K, capacity 2938K, committed 2944K, reserved 1048576K
}
Event: 5.551 GC heap before
{Heap before GC invocations=9 (full 1):
 PSYoungGen      total 139264K, used 139240K [0x000000076b580000, 0x0000000778a80000, 0x00000007c0000000)
  eden space 124928K, 100% used [0x000000076b580000,0x0000000772f80000,0x0000000772f80000)
  from space 14336K, 99% used [0x0000000772f80000,0x0000000773d7a3c0,0x0000000773d80000)
  to   space 19968K, 0% used [0x0000000777700000,0x0000000777700000,0x0000000778a80000)
 ParOldGen       total 112640K, used 22320K [0x00000006c2000000, 0x00000006c8e00000, 0x000000076b580000)
  object space 112640K, 19% used [0x00000006c2000000,0x00000006c35cc2e0,0x00000006c8e00000)
 Metaspace       used 24480K, capacity 25164K, committed 25472K, reserved 1071104K
  class space    used 2760K, capacity 2938K, committed 2944K, reserved 1048576K
Event: 5.577 GC heap after
Heap after GC invocations=9 (full 1):
 PSYoungGen      total 144896K, used 19938K [0x000000076b580000, 0x0000000778a80000, 0x00000007c0000000)
  eden space 124928K, 0% used [0x000000076b580000,0x000000076b580000,0x0000000772f80000)
  from space 19968K, 99% used [0x0000000777700000,0x0000000778a78ba0,0x0000000778a80000)
  to   space 14336K, 0% used [0x0000000772f80000,0x0000000772f80000,0x0000000773d80000)
 ParOldGen       total 112640K, used 34163K [0x00000006c2000000, 0x00000006c8e00000, 0x000000076b580000)
  object space 112640K, 30% used [0x00000006c2000000,0x00000006c415cc00,0x00000006c8e00000)
 Metaspace       used 24480K, capacity 25164K, committed 25472K, reserved 1071104K
  class space    used 2760K, capacity 2938K, committed 2944K, reserved 1048576K
}
Event: 5.700 GC heap before
{Heap before GC invocations=10 (full 1):
 PSYoungGen      total 144896K, used 144866K [0x000000076b580000, 0x0000000778a80000, 0x00000007c0000000)
  eden space 124928K, 100% used [0x000000076b580000,0x0000000772f80000,0x0000000772f80000)
  from space 19968K, 99% used [0x0000000777700000,0x0000000778a78ba0,0x0000000778a80000)
  to   space 14336K, 0% used [0x0000000772f80000,0x0000000772f80000,0x0000000773d80000)
 ParOldGen       total 112640K, used 34166K [0x00000006c2000000, 0x00000006c8e00000, 0x000000076b580000)
  object space 112640K, 30% used [0x00000006c2000000,0x00000006c415db48,0x00000006c8e00000)
 Metaspace       used 24485K, capacity 25164K, committed 25472K, reserved 1071104K
  class space    used 2760K, capacity 2938K, committed 2944K, reserved 1048576K
Event: 5.734 GC heap after
Heap after GC invocations=10 (full 1):
 PSYoungGen      total 139264K, used 14315K [0x000000076b580000, 0x000000077b600000, 0x00000007c0000000)
  eden space 124928K, 0% used [0x000000076b580000,0x000000076b580000,0x0000000772f80000)
  from space 14336K, 99% used [0x0000000772f80000,0x0000000773d7afd0,0x0000000773d80000)
  to   space 34816K, 0% used [0x0000000779400000,0x0000000779400000,0x000000077b600000)
 ParOldGen       total 112640K, used 56405K [0x00000006c2000000, 0x00000006c8e00000, 0x000000076b580000)
  object space 112640K, 50% used [0x00000006c2000000,0x00000006c5715508,0x00000006c8e00000)
 Metaspace       used 24485K, capacity 25164K, committed 25472K, reserved 1071104K
  class space    used 2760K, capacity 2938K, committed 2944K, reserved 1048576K
}
Event: 5.889 GC heap before
{Heap before GC invocations=11 (full 1):
 PSYoungGen      total 139264K, used 139243K [0x000000076b580000, 0x000000077b600000, 0x00000007c0000000)
  eden space 124928K, 100% used [0x000000076b580000,0x0000000772f80000,0x0000000772f80000)
  from space 14336K, 99% used [0x0000000772f80000,0x0000000773d7afd0,0x0000000773d80000)
  to   space 34816K, 0% used [0x0000000779400000,0x0000000779400000,0x000000077b600000)
 ParOldGen       total 112640K, used 56427K [0x00000006c2000000, 0x00000006c8e00000, 0x000000076b580000)
  object space 112640K, 50% used [0x00000006c2000000,0x00000006c571af18,0x00000006c8e00000)
 Metaspace       used 24486K, capacity 25164K, committed 25472K, reserved 1071104K
  class space    used 2760K, capacity 2938K, committed 2944K, reserved 1048576K
Event: 5.921 GC heap after
Heap after GC invocations=11 (full 1):
 PSYoungGen      total 159744K, used 28201K [0x000000076b580000, 0x000000077b600000, 0x00000007c0000000)
  eden space 124928K, 0% used [0x000000076b580000,0x000000076b580000,0x0000000772f80000)
  from space 34816K, 81% used [0x0000000779400000,0x000000077af8a608,0x000000077b600000)
  to   space 14336K, 0% used [0x0000000772f80000,0x0000000772f80000,0x0000000773d80000)
 ParOldGen       total 112640K, used 66051K [0x00000006c2000000, 0x00000006c8e00000, 0x000000076b580000)
  object space 112640K, 58% used [0x00000006c2000000,0x00000006c6080f18,0x00000006c8e00000)
 Metaspace       used 24486K, capacity 25164K, committed 25472K, reserved 1071104K
  class space    used 2760K, capacity 2938K, committed 2944K, reserved 1048576K
}
Event: 7.214 GC heap before
{Heap before GC invocations=12 (full 1):
 PSYoungGen      total 159744K, used 153129K [0x000000076b580000, 0x000000077b600000, 0x00000007c0000000)
  eden space 124928K, 100% used [0x000000076b580000,0x0000000772f80000,0x0000000772f80000)
  from space 34816K, 81% used [0x0000000779400000,0x000000077af8a608,0x000000077b600000)
  to   space 14336K, 0% used [0x0000000772f80000,0x0000000772f80000,0x0000000773d80000)
 ParOldGen       total 112640K, used 66064K [0x00000006c2000000, 0x00000006c8e00000, 0x000000076b580000)
  object space 112640K, 58% used [0x00000006c2000000,0x00000006c6084360,0x00000006c8e00000)
 Metaspace       used 25646K, capacity 26344K, committed 26752K, reserved 1073152K
  class space    used 2901K, capacity 3084K, committed 3200K, reserved 1048576K
Event: 7.224 GC heap after
Heap after GC invocations=12 (full 1):
 PSYoungGen      total 139264K, used 13339K [0x000000076b580000, 0x000000077b880000, 0x00000007c0000000)
  eden space 124928K, 0% used [0x000000076b580000,0x000000076b580000,0x0000000772f80000)
  from space 14336K, 93% used [0x0000000772f80000,0x0000000773c86f10,0x0000000773d80000)
  to   space 36352K, 0% used [0x0000000779500000,0x0000000779500000,0x000000077b880000)
 ParOldGen       total 112640K, used 75689K [0x00000006c2000000, 0x00000006c8e00000, 0x000000076b580000)
  object space 112640K, 67% used [0x00000006c2000000,0x00000006c69ea5f8,0x00000006c8e00000)
 Metaspace       used 25646K, capacity 26344K, committed 26752K, reserved 1073152K
  class space    used 2901K, capacity 3084K, committed 3200K, reserved 1048576K
}

